c:\users\phamh3\documents\github\equilibrium\redbox\arm\debug\redbox.pch.codeanalysis
c:\users\phamh3\documents\github\equilibrium\redbox\arm\debug\redbox.pch.codeanalysisast
c:\users\phamh3\documents\github\equilibrium\redbox\arm\debug\pch.cpp.nativecodeanalysis.xml
c:\users\phamh3\documents\github\equilibrium\redbox\arm\debug\pch.obj
c:\users\phamh3\documents\github\equilibrium\redbox\arm\debug\vc110.pdb
c:\users\phamh3\documents\github\equilibrium\redbox\arm\debug\redbox.cpp.nativecodeanalysis.xml
c:\users\phamh3\documents\github\equilibrium\redbox\arm\debug\redbox.obj
c:\users\phamh3\documents\github\equilibrium\arm\debug\redbox\redbox.ilk
c:\users\phamh3\documents\github\equilibrium\arm\debug\redbox\redbox.dll
c:\users\phamh3\documents\github\equilibrium\arm\debug\redbox\redbox.winmd
c:\users\phamh3\documents\github\equilibrium\arm\debug\redbox\redbox.pdb
c:\users\phamh3\documents\github\equilibrium\arm\debug\redbox\redbox.lib
c:\users\phamh3\documents\github\equilibrium\arm\debug\redbox\redbox.exp
c:\users\phamh3\documents\github\equilibrium\redbox\arm\debug\cl.command.1.tlog
c:\users\phamh3\documents\github\equilibrium\redbox\arm\debug\cl.read.1.tlog
c:\users\phamh3\documents\github\equilibrium\redbox\arm\debug\cl.write.1.tlog
c:\users\phamh3\documents\github\equilibrium\redbox\arm\debug\link.command.1.tlog
c:\users\phamh3\documents\github\equilibrium\redbox\arm\debug\link.read.1.tlog
c:\users\phamh3\documents\github\equilibrium\redbox\arm\debug\link.write.1.tlog
c:\users\phamh3\documents\github\equilibrium\redbox\arm\debug\nativecodeanalysis.read.1.tlog
c:\users\phamh3\documents\github\equilibrium\redbox\arm\debug\redbox.write.1.tlog
c:\users\phamh3\documents\github\equilibrium\redbox\arm\debug\vc.nativecodeanalysis.all.xml
c:\users\phamh3\documents\github\equilibrium\arm\debug\redbox\redbox.dll.lastcodeanalysissucceeded
