c:\users\hoang\documents\github\equilibrium\kuntakinte\arm\debug\kuntakinte.pch
c:\users\hoang\documents\github\equilibrium\kuntakinte\arm\debug\pch.obj
c:\users\hoang\documents\github\equilibrium\kuntakinte\arm\debug\vc110.pdb
c:\users\hoang\documents\github\equilibrium\kuntakinte\arm\debug\kuntakinte.obj
c:\users\hoang\documents\github\equilibrium\kuntakinte\arm\debug\pid.obj
c:\users\hoang\documents\github\equilibrium\arm\debug\kuntakinte\kuntakinte.lib
c:\users\hoang\documents\github\equilibrium\arm\debug\kuntakinte\kuntakinte.exp
c:\users\hoang\documents\github\equilibrium\arm\debug\kuntakinte\kuntakinte.ilk
c:\users\hoang\documents\github\equilibrium\arm\debug\kuntakinte\kuntakinte.dll
c:\users\hoang\documents\github\equilibrium\arm\debug\kuntakinte\kuntakinte.winmd
c:\users\hoang\documents\github\equilibrium\arm\debug\kuntakinte\kuntakinte.pdb
c:\users\hoang\documents\github\equilibrium\kuntakinte\arm\debug\kuntakinte.vcxprojresolveassemblyreference.cache
c:\users\hoang\documents\github\equilibrium\kuntakinte\arm\debug\cl.1896.read.1.tlog
c:\users\hoang\documents\github\equilibrium\kuntakinte\arm\debug\cl.1896.write.1.tlog
c:\users\hoang\documents\github\equilibrium\kuntakinte\arm\debug\cl.2152.read.1.tlog
c:\users\hoang\documents\github\equilibrium\kuntakinte\arm\debug\cl.2152.write.1.tlog
c:\users\hoang\documents\github\equilibrium\kuntakinte\arm\debug\cl.3324.read.1.tlog
c:\users\hoang\documents\github\equilibrium\kuntakinte\arm\debug\cl.3324.write.1.tlog
c:\users\hoang\documents\github\equilibrium\kuntakinte\arm\debug\cl.5528.read.1.tlog
c:\users\hoang\documents\github\equilibrium\kuntakinte\arm\debug\cl.5528.write.1.tlog
c:\users\hoang\documents\github\equilibrium\kuntakinte\arm\debug\cl.command.1.tlog
c:\users\hoang\documents\github\equilibrium\kuntakinte\arm\debug\cl.read.1.tlog
c:\users\hoang\documents\github\equilibrium\kuntakinte\arm\debug\cl.write.1.tlog
c:\users\hoang\documents\github\equilibrium\kuntakinte\arm\debug\kuntakinte.write.1.tlog
c:\users\hoang\documents\github\equilibrium\kuntakinte\arm\debug\link.3568.read.1.tlog
c:\users\hoang\documents\github\equilibrium\kuntakinte\arm\debug\link.3568.write.1.tlog
c:\users\hoang\documents\github\equilibrium\kuntakinte\arm\debug\link.command.1.tlog
c:\users\hoang\documents\github\equilibrium\kuntakinte\arm\debug\link.read.1.tlog
c:\users\hoang\documents\github\equilibrium\kuntakinte\arm\debug\link.write.1.tlog
