Build started 5/29/2014 7:36:15 PM.
     1>Project "C:\Users\phamh3\Documents\GitHub\equilibrium\kuntakinte\kuntakinte.vcxproj" on node 2 (Build target(s)).
     1>ClCompile:
         C:\Program Files (x86)\Microsoft Visual Studio 11.0\VC\WPSDK\WP80\bin\x86_arm\CL.exe /c /IC:\Users\phamh3\Documents\GitHub\equilibrium\kuntakinte\ /I"Generated Files\\" /IARM\Debug\ /AI"C:\Program Files (x86)\Windows Phone Kits\8.0\Windows Metadata" /Zi /ZW /ZW:nostdlib /nologo /W3 /WX- /sdl /MP /Od /Oy- /D _WINRT_DLL /D _WINDLL /D _UNICODE /D UNICODE /D _DEBUG /D WINAPI_FAMILY=WINAPI_FAMILY_PHONE_APP /Gm- /EHsc /RTC1 /MDd /GS /fp:precise /Zc:wchar_t /Zc:forScope /Yu"pch.h" /Fp"ARM\Debug\kuntakinte.pch" /Fo"ARM\Debug\\" /Fd"ARM\Debug\vc110.pdb" /Gd /TP /FU"C:\Program Files (x86)\Microsoft Visual Studio 11.0\VC\WPSDK\WP80\lib\arm\platform.winmd" /FU"C:\Program Files (x86)\Windows Phone Kits\8.0\Windows Metadata\Windows.winmd" /analyze- /errorReport:prompt kuntakinte.cpp
         kuntakinte.cpp
     1>kuntakinte.cpp(47): warning C4244: '=' : conversion from 'double' to 'float', possible loss of data
     1>kuntakinte.cpp(48): warning C4244: '=' : conversion from 'double' to 'float', possible loss of data
     1>kuntakinte.cpp(49): warning C4244: '=' : conversion from 'double' to 'float', possible loss of data
     1>kuntakinte.cpp(53): warning C4305: '=' : truncation from 'double' to 'float'
     1>kuntakinte.cpp(54): warning C4305: '=' : truncation from 'double' to 'float'
     1>kuntakinte.cpp(56): warning C4305: '=' : truncation from 'double' to 'float'
     1>kuntakinte.cpp(57): warning C4305: '=' : truncation from 'double' to 'float'
     1>kuntakinte.cpp(58): warning C4305: '=' : truncation from 'double' to 'float'
     1>kuntakinte.cpp(62): warning C4305: '=' : truncation from 'double' to 'float'
     1>kuntakinte.cpp(63): warning C4305: '=' : truncation from 'double' to 'float'
     1>kuntakinte.cpp(65): warning C4305: '=' : truncation from 'double' to 'float'
     1>kuntakinte.cpp(66): warning C4305: '=' : truncation from 'double' to 'float'
     1>kuntakinte.cpp(67): warning C4305: '=' : truncation from 'double' to 'float'
       Link:
         C:\Program Files (x86)\Microsoft Visual Studio 11.0\VC\WPSDK\WP80\bin\x86_arm\link.exe /ERRORREPORT:PROMPT /OUT:"C:\Users\phamh3\Documents\GitHub\equilibrium\ARM\Debug\kuntakinte\kuntakinte.dll" /INCREMENTAL /NOLOGO WindowsPhoneCore.lib RuntimeObject.lib PhoneAppModelHost.lib /NODEFAULTLIB:ole32.lib /MANIFEST:NO /DEBUG /PDB:"C:\Users\phamh3\Documents\GitHub\equilibrium\ARM\Debug\kuntakinte\kuntakinte.pdb" /SUBSYSTEM:CONSOLE /TLBID:1 /WINMD /WINMDFILE:"C:\Users\phamh3\Documents\GitHub\equilibrium\ARM\Debug\kuntakinte\kuntakinte.winmd" /DYNAMICBASE /NXCOMPAT /MACHINE:ARM /DLL ARM\Debug\kuntakinte.obj
         ARM\Debug\pch.obj
            Creating library C:\Users\phamh3\Documents\GitHub\equilibrium\ARM\Debug\kuntakinte\kuntakinte.lib and object C:\Users\phamh3\Documents\GitHub\equilibrium\ARM\Debug\kuntakinte\kuntakinte.exp
         kuntakinte.vcxproj -> C:\Users\phamh3\Documents\GitHub\equilibrium\ARM\Debug\kuntakinte\kuntakinte.dll
     1>Done Building Project "C:\Users\phamh3\Documents\GitHub\equilibrium\kuntakinte\kuntakinte.vcxproj" (Build target(s)).

Build succeeded.

Time Elapsed 00:00:00.60
